Using pre-set license
Built from '2020.2/staging' branch; Version is '2020.2.3f1 (8ff31bc5bf5b) revision 9433883'; Using compiler version '192528614'; Build Type 'Release'
OS: 'Windows 10 Pro; OS build 18363.1379; Version 1909; 64bit' Language: 'en' Physical Memory: 16322 MB
BatchMode: 1, IsHumanControllingUs: 0, StartBugReporterOnCrash: 0, Is64bit: 1, IsPro: 0

 COMMAND LINE ARGUMENTS:
C:\Program Files\Unity\Hub\Editor\2020.2.3f1\Editor\Unity.exe
-adb2
-batchMode
-noUpm
-name
AssetImportWorker0
-projectPath
A:/Projects/Flappy Bird 3D
-logFile
Logs/AssetImportWorker0.log
-srvPort
54332
Successfully changed project path to: A:/Projects/Flappy Bird 3D
A:/Projects/Flappy Bird 3D
Using Asset Import Pipeline V2.
Refreshing native plugins compatible for Editor in 19.46 ms, found 0 plugins.
Preloading 0 native plugins for Editor in 0.00 ms.
Initialize engine version: 2020.2.3f1 (8ff31bc5bf5b)
[Subsystems] Discovering subsystems at path C:/Program Files/Unity/Hub/Editor/2020.2.3f1/Editor/Data/Resources/UnitySubsystems
[Subsystems] Discovering subsystems at path A:/Projects/Flappy Bird 3D/Assets
GfxDevice: creating device client; threaded=0
Direct3D:
    Version:  Direct3D 11.0 [level 11.1]
    Renderer: NVIDIA GeForce GTX 1050 Ti (ID=0x1c82)
    Vendor:   
    VRAM:     4018 MB
    Driver:   26.21.14.3200
Initialize mono
Mono path[0] = 'C:/Program Files/Unity/Hub/Editor/2020.2.3f1/Editor/Data/Managed'
Mono path[1] = 'C:/Program Files/Unity/Hub/Editor/2020.2.3f1/Editor/Data/MonoBleedingEdge/lib/mono/unityjit'
Mono config path = 'C:/Program Files/Unity/Hub/Editor/2020.2.3f1/Editor/Data/MonoBleedingEdge/etc'
Using monoOptions --debugger-agent=transport=dt_socket,embedding=1,server=y,suspend=n,address=127.0.0.1:56776
Begin MonoManager ReloadAssembly
Registering precompiled unity dll's ...
Register platform support module: C:/Program Files/Unity/Hub/Editor/2020.2.3f1/Editor/Data/PlaybackEngines/WindowsStandaloneSupport/UnityEditor.WindowsStandalone.Extensions.dll
Registered in 0.001670 seconds.
Native extension for WindowsStandalone target not found
Refreshing native plugins compatible for Editor in 19.09 ms, found 0 plugins.
Preloading 0 native plugins for Editor in 0.00 ms.
Invoked RoslynAnalysisRunner static constructor.
RoslynAnalysisRunner will not be running.
RoslynAnalysisRunner has terminated.
Mono: successfully reloaded assembly
- Completed reload, in  1.445 seconds
Platform modules already initialized, skipping
Registering precompiled user dll's ...
Registered in 0.000881 seconds.
Begin MonoManager ReloadAssembly
Native extension for WindowsStandalone target not found
Refreshing native plugins compatible for Editor in 20.43 ms, found 0 plugins.
Preloading 0 native plugins for Editor in 0.00 ms.
Invoked RoslynAnalysisRunner static constructor.
RoslynAnalysisRunner will not be running.
RoslynAnalysisRunner has terminated.
Mono: successfully reloaded assembly
- Completed reload, in  0.704 seconds
Platform modules already initialized, skipping
========================================================================
Worker process is ready to serve import requests
Launched and connected shader compiler UnityShaderCompiler.exe after 0.04 seconds
Refreshing native plugins compatible for Editor in 0.26 ms, found 0 plugins.
Preloading 0 native plugins for Editor in 0.00 ms.
Unloading 1121 Unused Serialized files (Serialized files now loaded: 0)
System memory in use before: 58.6 MB.
System memory in use after: 58.7 MB.

Unloading 11 unused Assets to reduce memory usage. Loaded Objects now: 1563.
Total: 1.715700 ms (FindLiveObjects: 0.158500 ms CreateObjectMapping: 0.072000 ms MarkObjects: 1.400400 ms  DeleteObjects: 0.083900 ms)

========================================================================
Received Import Request.
  path: Assets/Resources/Models
  artifactKey: Guid(3960e1b7aa027c74b9fa8e9fff4297ea) Importer(815301076,1909f56bfc062723c751e8b465ee728b)
Start importing Assets/Resources/Models using Guid(3960e1b7aa027c74b9fa8e9fff4297ea) Importer(815301076,1909f56bfc062723c751e8b465ee728b)  -> (artifact id: 'e4e374b8d053888a23d84161816874ba') in 0.009840 seconds
  Import took 0.011398 seconds .

========================================================================
Received Import Request.
  Time since last request: 2.393384 seconds.
  path: Assets/Resources/Models/bird.vox
  artifactKey: Guid(4f8549be3870ae54cb7a4c57de40695f) Importer(815301076,1909f56bfc062723c751e8b465ee728b)
Start importing Assets/Resources/Models/bird.vox using Guid(4f8549be3870ae54cb7a4c57de40695f) Importer(815301076,1909f56bfc062723c751e8b465ee728b)  -> (artifact id: '074f4d726c0605bfea5b594ddf513409') in 0.038085 seconds
  Import took 0.039757 seconds .

========================================================================
Received Import Request.
  Time since last request: 1.134096 seconds.
  path: Assets/Resources/Models/bird.vox
  artifactKey: Guid(4f8549be3870ae54cb7a4c57de40695f) Importer(815301076,1909f56bfc062723c751e8b465ee728b)
Start importing Assets/Resources/Models/bird.vox using Guid(4f8549be3870ae54cb7a4c57de40695f) Importer(815301076,1909f56bfc062723c751e8b465ee728b)  -> (artifact id: '074f4d726c0605bfea5b594ddf513409') in 0.001996 seconds
  Import took 0.003602 seconds .

========================================================================
Received Import Request.
  Time since last request: 13.889373 seconds.
  path: Assets/Resources/Models/bird_VOX.asset
  artifactKey: Guid(dd90cfea1b1188640a13a296c67297a4) Importer(815301076,1909f56bfc062723c751e8b465ee728b)
Start importing Assets/Resources/Models/bird_VOX.asset using Guid(dd90cfea1b1188640a13a296c67297a4) Importer(815301076,1909f56bfc062723c751e8b465ee728b)  -> (artifact id: '62e5b0edd0229658277cb15f94bb0ea4') in 0.247435 seconds
  Import took 0.249323 seconds .

========================================================================
Received Import Request.
  Time since last request: 0.000295 seconds.
  path: Assets/Resources/Models/bird_VOX.prefab
  artifactKey: Guid(712927716e822584497f95e2d189b981) Importer(815301076,1909f56bfc062723c751e8b465ee728b)
Start importing Assets/Resources/Models/bird_VOX.prefab using Guid(712927716e822584497f95e2d189b981) Importer(815301076,1909f56bfc062723c751e8b465ee728b)  -> (artifact id: '045d5439c6e547cd7033434ba1de8e08') in 0.019655 seconds
  Import took 0.021348 seconds .

========================================================================
Received Prepare
Registering precompiled user dll's ...
Registered in 0.000906 seconds.
Begin MonoManager ReloadAssembly
Native extension for WindowsStandalone target not found
Refreshing native plugins compatible for Editor in 0.19 ms, found 0 plugins.
Preloading 0 native plugins for Editor in 0.00 ms.
Invoked RoslynAnalysisRunner static constructor.
RoslynAnalysisRunner will not be running.
RoslynAnalysisRunner has terminated.
Mono: successfully reloaded assembly
- Completed reload, in  0.636 seconds
Platform modules already initialized, skipping
Refreshing native plugins compatible for Editor in 0.19 ms, found 0 plugins.
Preloading 0 native plugins for Editor in 0.00 ms.
Unloading 1113 Unused Serialized files (Serialized files now loaded: 0)
System memory in use before: 61.9 MB.
System memory in use after: 61.9 MB.

Unloading 6 unused Assets to reduce memory usage. Loaded Objects now: 1610.
Total: 1.731000 ms (FindLiveObjects: 0.124400 ms CreateObjectMapping: 0.030700 ms MarkObjects: 1.527900 ms  DeleteObjects: 0.047000 ms)

========================================================================
Received Prepare
Registering precompiled user dll's ...
Registered in 0.000820 seconds.
Begin MonoManager ReloadAssembly
Native extension for WindowsStandalone target not found
Refreshing native plugins compatible for Editor in 0.20 ms, found 0 plugins.
Preloading 0 native plugins for Editor in 0.00 ms.
Invoked RoslynAnalysisRunner static constructor.
RoslynAnalysisRunner will not be running.
RoslynAnalysisRunner has terminated.
Mono: successfully reloaded assembly
- Completed reload, in  0.622 seconds
Platform modules already initialized, skipping
Refreshing native plugins compatible for Editor in 0.18 ms, found 0 plugins.
Preloading 0 native plugins for Editor in 0.00 ms.
Unloading 1113 Unused Serialized files (Serialized files now loaded: 0)
System memory in use before: 61.9 MB.
System memory in use after: 62.0 MB.

Unloading 6 unused Assets to reduce memory usage. Loaded Objects now: 1612.
Total: 1.668800 ms (FindLiveObjects: 0.133400 ms CreateObjectMapping: 0.089000 ms MarkObjects: 1.397200 ms  DeleteObjects: 0.048300 ms)

========================================================================
Received Prepare
Registering precompiled user dll's ...
Registered in 0.000839 seconds.
Begin MonoManager ReloadAssembly
Native extension for WindowsStandalone target not found
Refreshing native plugins compatible for Editor in 0.20 ms, found 0 plugins.
Preloading 0 native plugins for Editor in 0.00 ms.
Invoked RoslynAnalysisRunner static constructor.
RoslynAnalysisRunner will not be running.
RoslynAnalysisRunner has terminated.
Mono: successfully reloaded assembly
- Completed reload, in  0.626 seconds
Platform modules already initialized, skipping
Refreshing native plugins compatible for Editor in 0.21 ms, found 0 plugins.
Preloading 0 native plugins for Editor in 0.00 ms.
Unloading 1113 Unused Serialized files (Serialized files now loaded: 0)
System memory in use before: 61.9 MB.
System memory in use after: 62.0 MB.

Unloading 6 unused Assets to reduce memory usage. Loaded Objects now: 1614.
Total: 1.583900 ms (FindLiveObjects: 0.125200 ms CreateObjectMapping: 0.054000 ms MarkObjects: 1.358300 ms  DeleteObjects: 0.045700 ms)

AssetImportWorkerClient::OnTransportError - code=2 error=End of file
