Using pre-set license
Built from '2020.2/staging' branch; Version is '2020.2.3f1 (8ff31bc5bf5b) revision 9433883'; Using compiler version '192528614'; Build Type 'Release'
OS: 'Windows 10 Pro; OS build 18363.1379; Version 1909; 64bit' Language: 'en' Physical Memory: 16322 MB
BatchMode: 1, IsHumanControllingUs: 0, StartBugReporterOnCrash: 0, Is64bit: 1, IsPro: 0

 COMMAND LINE ARGUMENTS:
C:\Program Files\Unity\Hub\Editor\2020.2.3f1\Editor\Unity.exe
-adb2
-batchMode
-noUpm
-name
AssetImportWorker0
-projectPath
A:/Projects/Flappy Bird 3D
-logFile
Logs/AssetImportWorker0.log
-srvPort
53673
Successfully changed project path to: A:/Projects/Flappy Bird 3D
A:/Projects/Flappy Bird 3D
Using Asset Import Pipeline V2.
Refreshing native plugins compatible for Editor in 22.85 ms, found 0 plugins.
Preloading 0 native plugins for Editor in 0.00 ms.
Initialize engine version: 2020.2.3f1 (8ff31bc5bf5b)
[Subsystems] Discovering subsystems at path C:/Program Files/Unity/Hub/Editor/2020.2.3f1/Editor/Data/Resources/UnitySubsystems
[Subsystems] Discovering subsystems at path A:/Projects/Flappy Bird 3D/Assets
GfxDevice: creating device client; threaded=0
Direct3D:
    Version:  Direct3D 11.0 [level 11.1]
    Renderer: NVIDIA GeForce GTX 1050 Ti (ID=0x1c82)
    Vendor:   
    VRAM:     4018 MB
    Driver:   26.21.14.3200
Initialize mono
Mono path[0] = 'C:/Program Files/Unity/Hub/Editor/2020.2.3f1/Editor/Data/Managed'
Mono path[1] = 'C:/Program Files/Unity/Hub/Editor/2020.2.3f1/Editor/Data/MonoBleedingEdge/lib/mono/unityjit'
Mono config path = 'C:/Program Files/Unity/Hub/Editor/2020.2.3f1/Editor/Data/MonoBleedingEdge/etc'
Using monoOptions --debugger-agent=transport=dt_socket,embedding=1,server=y,suspend=n,address=127.0.0.1:56484
Begin MonoManager ReloadAssembly
Registering precompiled unity dll's ...
Register platform support module: C:/Program Files/Unity/Hub/Editor/2020.2.3f1/Editor/Data/PlaybackEngines/WindowsStandaloneSupport/UnityEditor.WindowsStandalone.Extensions.dll
Registered in 0.001674 seconds.
Native extension for WindowsStandalone target not found
Refreshing native plugins compatible for Editor in 23.97 ms, found 0 plugins.
Preloading 0 native plugins for Editor in 0.00 ms.
Invoked RoslynAnalysisRunner static constructor.
RoslynAnalysisRunner will not be running.
RoslynAnalysisRunner has terminated.
Mono: successfully reloaded assembly
- Completed reload, in  1.430 seconds
Platform modules already initialized, skipping
Registering precompiled user dll's ...
Registered in 0.001038 seconds.
Begin MonoManager ReloadAssembly
Native extension for WindowsStandalone target not found
Refreshing native plugins compatible for Editor in 23.86 ms, found 0 plugins.
Preloading 0 native plugins for Editor in 0.00 ms.
Invoked RoslynAnalysisRunner static constructor.
RoslynAnalysisRunner will not be running.
RoslynAnalysisRunner has terminated.
Mono: successfully reloaded assembly
- Completed reload, in  0.741 seconds
Platform modules already initialized, skipping
========================================================================
Worker process is ready to serve import requests
Launched and connected shader compiler UnityShaderCompiler.exe after 0.04 seconds
Refreshing native plugins compatible for Editor in 0.22 ms, found 0 plugins.
Preloading 0 native plugins for Editor in 0.00 ms.
Unloading 1241 Unused Serialized files (Serialized files now loaded: 0)
System memory in use before: 137.8 MB.
System memory in use after: 137.9 MB.

Unloading 11 unused Assets to reduce memory usage. Loaded Objects now: 1686.
Total: 1.466700 ms (FindLiveObjects: 0.124700 ms CreateObjectMapping: 0.038600 ms MarkObjects: 1.222700 ms  DeleteObjects: 0.079800 ms)

========================================================================
Received Import Request.
  path: Assets/Scripts/Player.cs
  artifactKey: Guid(6a700ca16c88be34ca513404c93a806b) Importer(815301076,1909f56bfc062723c751e8b465ee728b)
Start importing Assets/Scripts/Player.cs using Guid(6a700ca16c88be34ca513404c93a806b) Importer(815301076,1909f56bfc062723c751e8b465ee728b)  -> (artifact id: 'bab9453c84bb9c56a2ae280ea8b85ccc') in 0.045874 seconds
  Import took 0.048314 seconds .

========================================================================
Received Import Request.
  Time since last request: 112.952438 seconds.
  path: Assets/Scripts/UI.cs
  artifactKey: Guid(c3edbdfb8ddba5f4d9ceaa9671979a8a) Importer(815301076,1909f56bfc062723c751e8b465ee728b)
Start importing Assets/Scripts/UI.cs using Guid(c3edbdfb8ddba5f4d9ceaa9671979a8a) Importer(815301076,1909f56bfc062723c751e8b465ee728b)  -> (artifact id: '34eec1cf532818f5337e2133740a5b68') in 0.009709 seconds
  Import took 0.012019 seconds .

========================================================================
Received Import Request.
  Time since last request: 0.001207 seconds.
  path: Assets/Scripts/UI.cs
  artifactKey: Guid(c3edbdfb8ddba5f4d9ceaa9671979a8a) Importer(815301076,1909f56bfc062723c751e8b465ee728b)
Start importing Assets/Scripts/UI.cs using Guid(c3edbdfb8ddba5f4d9ceaa9671979a8a) Importer(815301076,1909f56bfc062723c751e8b465ee728b)  -> (artifact id: '34eec1cf532818f5337e2133740a5b68') in 0.002230 seconds
  Import took 0.004124 seconds .

========================================================================
Received Import Request.
  Time since last request: 0.435567 seconds.
  path: Assets/Scripts/Stats.cs
  artifactKey: Guid(2b9ad71a094191b49ba03080b427ac1a) Importer(815301076,1909f56bfc062723c751e8b465ee728b)
Start importing Assets/Scripts/Stats.cs using Guid(2b9ad71a094191b49ba03080b427ac1a) Importer(815301076,1909f56bfc062723c751e8b465ee728b)  -> (artifact id: '51757b98c77ac30df12d6bcb1682fa62') in 0.009862 seconds
  Import took 0.011903 seconds .

========================================================================
Received Import Request.
  Time since last request: 0.001057 seconds.
  path: Assets/Scripts/Stats.cs
  artifactKey: Guid(2b9ad71a094191b49ba03080b427ac1a) Importer(815301076,1909f56bfc062723c751e8b465ee728b)
Start importing Assets/Scripts/Stats.cs using Guid(2b9ad71a094191b49ba03080b427ac1a) Importer(815301076,1909f56bfc062723c751e8b465ee728b)  -> (artifact id: '51757b98c77ac30df12d6bcb1682fa62') in 0.001961 seconds
  Import took 0.003936 seconds .

========================================================================
Received Prepare
Registering precompiled user dll's ...
Registered in 0.000920 seconds.
Begin MonoManager ReloadAssembly
Native extension for WindowsStandalone target not found
Refreshing native plugins compatible for Editor in 0.22 ms, found 0 plugins.
Preloading 0 native plugins for Editor in 0.00 ms.
Invoked RoslynAnalysisRunner static constructor.
RoslynAnalysisRunner will not be running.
RoslynAnalysisRunner has terminated.
Mono: successfully reloaded assembly
- Completed reload, in  0.659 seconds
Platform modules already initialized, skipping
Refreshing native plugins compatible for Editor in 0.23 ms, found 0 plugins.
Preloading 0 native plugins for Editor in 0.00 ms.
Unloading 1206 Unused Serialized files (Serialized files now loaded: 0)
System memory in use before: 135.4 MB.
System memory in use after: 135.5 MB.

Unloading 6 unused Assets to reduce memory usage. Loaded Objects now: 1688.
Total: 1.702000 ms (FindLiveObjects: 0.144000 ms CreateObjectMapping: 0.040000 ms MarkObjects: 1.455300 ms  DeleteObjects: 0.061700 ms)

